生成启动时间为 2014/9/2 9:33:34。
     1>项目“E:\geoIP\Filters2D\Filters2D\Filters2D.vcxproj”在节点 2 上(Build 个目标)。
     1>ClCompile:
         D:\vs2013\VC\bin\CL.exe /c /ZI /nologo /W3 /WX- /sdl /Od /Oy- /D _CRT_SECURE_NO_DEPRECATE /D _MBCS /Gm /EHsc /RTC1 /MDd /GS /fp:precise /Zc:wchar_t /Zc:forScope /Fo"Debug\\" /Fd"Debug\vc120.pdb" /Gd /TP /analyze- /errorReport:prompt mainme.cpp
         mainme.cpp
     1>e:\geoip\filters2d\filters2d\vol_math_guassfilter.h(67): warning C4244: “=”: 从“__int64”转换到“int”，可能丢失数据
     1>e:\geoip\filters2d\filters2d\vol_math_guassfilter.h(68): warning C4244: “=”: 从“__int64”转换到“int”，可能丢失数据
     1>e:\geoip\filters2d\filters2d\vol_math_guassfilter.h(69): warning C4244: “=”: 从“__int64”转换到“int”，可能丢失数据
     1>e:\geoip\filters2d\filters2d\vol_math_2dtrilateralfilter.h(12): warning C4005: “M_EXP”: 宏重定义
                 e:\geoip\filters2d\filters2d\vol_math_bilateralfilter.h(4) : 参见“M_EXP”的前一个定义
       Link:
         D:\vs2013\VC\bin\link.exe /ERRORREPORT:PROMPT /OUT:"E:\geoIP\Filters2D\Debug\Filters2D.exe" /INCREMENTAL /NOLOGO kernel32.lib user32.lib gdi32.lib winspool.lib comdlg32.lib advapi32.lib shell32.lib ole32.lib oleaut32.lib uuid.lib odbc32.lib odbccp32.lib /MANIFEST /MANIFESTUAC:"level='asInvoker' uiAccess='false'" /manifest:embed /DEBUG /PDB:"E:\geoIP\Filters2D\Debug\Filters2D.pdb" /TLBID:1 /DYNAMICBASE /NXCOMPAT /IMPLIB:"E:\geoIP\Filters2D\Debug\Filters2D.lib" /MACHINE:X86 Debug\mainme.obj
         Debug\testDemo.obj
         Debug\vol_math_2Dtrilateralfilter.obj
         Debug\vol_math_2D_filter_Interface.obj
         Debug\vol_math_Anistropic2D.obj
         Debug\vol_math_BilateralFilter.obj
         Debug\vol_math_Guassfilter.obj
         Debug\vol_math_ImageVolume.obj
         Debug\vol_math_Raw3D_Independt.obj
         Debug\vol_math_RawImage.obj
         Filters2D.vcxproj -> E:\geoIP\Filters2D\Debug\Filters2D.exe
     1>已完成生成项目“E:\geoIP\Filters2D\Filters2D\Filters2D.vcxproj”(Build 个目标)的操作。

生成成功。

已用时间 00:00:01.40
